Wed Mar 21 2018 17:33:49 GMT-0500 (Central Daylight Time): GET /
Wed Mar 21 2018 17:34:10 GMT-0500 (Central Daylight Time): GET /about
Wed Mar 21 2018 17:34:11 GMT-0500 (Central Daylight Time): GET /
Thu Mar 22 2018 12:08:22 GMT-0500 (Central Daylight Time): GET /
Thu Mar 22 2018 12:11:00 GMT-0500 (Central Daylight Time): GET /
Thu Mar 22 2018 12:11:27 GMT-0500 (Central Daylight Time): GET /
Tue Apr 17 2018 13:37:27 GMT-0500 (Central Daylight Time): GET /
Tue Apr 17 2018 13:37:28 GMT-0500 (Central Daylight Time): GET /favicon.ico
Tue Apr 17 2018 13:37:29 GMT-0500 (Central Daylight Time): GET /
Tue Apr 17 2018 13:37:30 GMT-0500 (Central Daylight Time): GET /about
Tue Apr 17 2018 13:39:54 GMT-0500 (Central Daylight Time): GET /
Wed Apr 18 2018 09:37:47 GMT-0500 (Central Daylight Time): GET /
Wed Apr 18 2018 09:37:50 GMT-0500 (Central Daylight Time): GET /projects
Wed Apr 18 2018 09:37:53 GMT-0500 (Central Daylight Time): GET /projects
Wed Apr 18 2018 09:37:54 GMT-0500 (Central Daylight Time): GET /
Wed Apr 18 2018 11:33:43 GMT-0500 (Central Daylight Time): GET /
Wed Apr 18 2018 11:33:43 GMT-0500 (Central Daylight Time): GET /css/darkly.css
Wed Apr 18 2018 11:33:46 GMT-0500 (Central Daylight Time): GET /about
Wed Apr 18 2018 11:33:47 GMT-0500 (Central Daylight Time): GET /
Wed Apr 18 2018 11:33:47 GMT-0500 (Central Daylight Time): GET /css/darkly.css
Wed Apr 18 2018 11:35:34 GMT-0500 (Central Daylight Time): GET /
Wed Apr 18 2018 11:36:23 GMT-0500 (Central Daylight Time): GET /
Wed Apr 18 2018 11:37:13 GMT-0500 (Central Daylight Time): GET /
Wed Apr 18 2018 11:37:13 GMT-0500 (Central Daylight Time): GET /css/darkly.css
Wed Apr 18 2018 11:37:16 GMT-0500 (Central Daylight Time): GET /about
Wed Apr 18 2018 11:37:16 GMT-0500 (Central Daylight Time): GET /css/darkly.css
Wed Apr 18 2018 11:37:17 GMT-0500 (Central Daylight Time): GET /projects
Wed Apr 18 2018 11:37:17 GMT-0500 (Central Daylight Time): GET /css/darkly.css
Wed Apr 18 2018 11:37:18 GMT-0500 (Central Daylight Time): GET /
Wed Apr 18 2018 11:37:18 GMT-0500 (Central Daylight Time): GET /css/darkly.css
Wed Apr 18 2018 11:43:21 GMT-0500 (Central Daylight Time): GET /
Wed Apr 18 2018 11:43:21 GMT-0500 (Central Daylight Time): GET /css/darkly.css
Wed Apr 18 2018 11:45:15 GMT-0500 (Central Daylight Time): GET /
Wed Apr 18 2018 11:45:15 GMT-0500 (Central Daylight Time): GET /css/darkly.css
Wed Apr 18 2018 11:46:27 GMT-0500 (Central Daylight Time): GET /
Wed Apr 18 2018 11:46:27 GMT-0500 (Central Daylight Time): GET /css/darkly.css
Wed Apr 18 2018 11:46:57 GMT-0500 (Central Daylight Time): GET /
Wed Apr 18 2018 11:46:57 GMT-0500 (Central Daylight Time): GET /css/darkly.css
Wed Apr 18 2018 11:46:59 GMT-0500 (Central Daylight Time): GET /
Wed Apr 18 2018 11:46:59 GMT-0500 (Central Daylight Time): GET /css/darkly.css
Wed Apr 18 2018 11:48:33 GMT-0500 (Central Daylight Time): GET /
Wed Apr 18 2018 11:48:33 GMT-0500 (Central Daylight Time): GET /css/darkly.css
Wed Apr 18 2018 11:49:36 GMT-0500 (Central Daylight Time): GET /
Wed Apr 18 2018 11:49:36 GMT-0500 (Central Daylight Time): GET /css/darkly.css
Wed Apr 18 2018 11:50:40 GMT-0500 (Central Daylight Time): GET /
Wed Apr 18 2018 11:50:40 GMT-0500 (Central Daylight Time): GET /css/darkly.css
Wed Apr 18 2018 11:50:43 GMT-0500 (Central Daylight Time): GET /
Wed Apr 18 2018 11:50:43 GMT-0500 (Central Daylight Time): GET /css/darkly.css
Wed Apr 18 2018 11:53:45 GMT-0500 (Central Daylight Time): GET /
Wed Apr 18 2018 11:53:45 GMT-0500 (Central Daylight Time): GET /css/darkly.css
Wed Apr 18 2018 11:53:47 GMT-0500 (Central Daylight Time): GET /
Wed Apr 18 2018 11:53:47 GMT-0500 (Central Daylight Time): GET /css/darkly.css
Wed Apr 18 2018 11:57:07 GMT-0500 (Central Daylight Time): GET /
Wed Apr 18 2018 11:57:07 GMT-0500 (Central Daylight Time): GET /css/darkly.css
Wed Apr 18 2018 11:57:10 GMT-0500 (Central Daylight Time): GET /
Wed Apr 18 2018 11:57:10 GMT-0500 (Central Daylight Time): GET /css/darkly.css
Wed Apr 18 2018 11:57:34 GMT-0500 (Central Daylight Time): GET /
Wed Apr 18 2018 11:57:35 GMT-0500 (Central Daylight Time): GET /css/darkly.css
Wed Apr 18 2018 11:59:19 GMT-0500 (Central Daylight Time): GET /
Wed Apr 18 2018 11:59:19 GMT-0500 (Central Daylight Time): GET /css/darkly.css
Wed Apr 18 2018 11:59:21 GMT-0500 (Central Daylight Time): GET /
Wed Apr 18 2018 11:59:21 GMT-0500 (Central Daylight Time): GET /css/darkly.css
Wed Apr 18 2018 11:59:45 GMT-0500 (Central Daylight Time): GET /
Wed Apr 18 2018 11:59:45 GMT-0500 (Central Daylight Time): GET /css/darkly.css
Wed Apr 18 2018 12:00:52 GMT-0500 (Central Daylight Time): GET /
Wed Apr 18 2018 12:00:52 GMT-0500 (Central Daylight Time): GET /css/darkly.css
Wed Apr 18 2018 12:01:39 GMT-0500 (Central Daylight Time): GET /
Wed Apr 18 2018 12:01:39 GMT-0500 (Central Daylight Time): GET /css/darkly.css
Wed Apr 18 2018 12:03:01 GMT-0500 (Central Daylight Time): GET /
Wed Apr 18 2018 12:03:01 GMT-0500 (Central Daylight Time): GET /css/darkly.css
Wed Apr 18 2018 12:03:50 GMT-0500 (Central Daylight Time): GET /
Wed Apr 18 2018 12:03:50 GMT-0500 (Central Daylight Time): GET /css/darkly.css
Wed Apr 18 2018 12:04:05 GMT-0500 (Central Daylight Time): GET /
Wed Apr 18 2018 12:04:05 GMT-0500 (Central Daylight Time): GET /css/darkly.css
Wed Apr 18 2018 12:04:59 GMT-0500 (Central Daylight Time): GET /css/darkly.css
Wed Apr 18 2018 13:17:41 GMT-0500 (Central Daylight Time): GET /
Wed Apr 18 2018 13:17:42 GMT-0500 (Central Daylight Time): GET /css/darkly.css
Wed Apr 18 2018 13:17:49 GMT-0500 (Central Daylight Time): GET /css/darkly.css
Wed Apr 18 2018 13:18:15 GMT-0500 (Central Daylight Time): GET /favicon.io
Wed Apr 18 2018 13:18:57 GMT-0500 (Central Daylight Time): GET /
Wed Apr 18 2018 13:18:58 GMT-0500 (Central Daylight Time): GET /css/darkly.css
Wed Apr 18 2018 13:19:14 GMT-0500 (Central Daylight Time): GET /
Wed Apr 18 2018 13:19:14 GMT-0500 (Central Daylight Time): GET /css/darkly.css
Wed Apr 18 2018 13:19:15 GMT-0500 (Central Daylight Time): GET /
Wed Apr 18 2018 13:19:15 GMT-0500 (Central Daylight Time): GET /css/darkly.css
Wed Apr 18 2018 13:21:21 GMT-0500 (Central Daylight Time): GET /
Wed Apr 18 2018 13:21:21 GMT-0500 (Central Daylight Time): GET /css/darkly.css
Wed Apr 18 2018 13:21:21 GMT-0500 (Central Daylight Time): GET /public/favicon.ico
Wed Apr 18 2018 13:21:22 GMT-0500 (Central Daylight Time): GET /
Wed Apr 18 2018 13:21:22 GMT-0500 (Central Daylight Time): GET /css/darkly.css
Wed Apr 18 2018 13:21:25 GMT-0500 (Central Daylight Time): GET /css/darkly.css
Wed Apr 18 2018 13:21:27 GMT-0500 (Central Daylight Time): GET /
Wed Apr 18 2018 13:21:27 GMT-0500 (Central Daylight Time): GET /css/darkly.css
Wed Apr 18 2018 13:21:43 GMT-0500 (Central Daylight Time): GET /public/favicon.ico
Wed Apr 18 2018 13:28:52 GMT-0500 (Central Daylight Time): GET /
Wed Apr 18 2018 13:28:52 GMT-0500 (Central Daylight Time): GET /css/darkly.css
Wed Apr 18 2018 13:40:31 GMT-0500 (Central Daylight Time): GET /
Wed Apr 18 2018 13:40:31 GMT-0500 (Central Daylight Time): GET /css/darkly.css
Wed Apr 18 2018 13:40:42 GMT-0500 (Central Daylight Time): GET /public/favicon.ico
Wed Apr 18 2018 13:42:46 GMT-0500 (Central Daylight Time): GET /
Wed Apr 18 2018 13:42:46 GMT-0500 (Central Daylight Time): GET /css/darkly.css
Wed Apr 18 2018 13:42:50 GMT-0500 (Central Daylight Time): GET /public/favicon.ico
Wed Apr 18 2018 13:42:54 GMT-0500 (Central Daylight Time): GET /public/favicon.ico
Wed Apr 18 2018 13:44:09 GMT-0500 (Central Daylight Time): GET /
Wed Apr 18 2018 13:44:09 GMT-0500 (Central Daylight Time): GET /css/darkly.css
Wed Apr 18 2018 13:44:16 GMT-0500 (Central Daylight Time): GET /public/favicon.ico
Wed Jul 18 2018 13:07:35 GMT-0500 (Central Daylight Time): GET /
Wed Jul 18 2018 13:07:35 GMT-0500 (Central Daylight Time): GET /css/darkly.css
Wed Jul 18 2018 13:07:36 GMT-0500 (Central Daylight Time): GET /public/favicon.ico
Wed Jul 18 2018 13:07:39 GMT-0500 (Central Daylight Time): GET /projects
Wed Jul 18 2018 13:07:39 GMT-0500 (Central Daylight Time): GET /css/darkly.css
Wed Jul 18 2018 13:07:39 GMT-0500 (Central Daylight Time): GET /about
Wed Jul 18 2018 13:07:40 GMT-0500 (Central Daylight Time): GET /css/darkly.css
Wed Jul 18 2018 13:07:41 GMT-0500 (Central Daylight Time): GET /
Wed Jul 18 2018 13:07:41 GMT-0500 (Central Daylight Time): GET /css/darkly.css
Thu Jul 19 2018 16:35:29 GMT-0500 (Central Daylight Time): GET /
Thu Jul 19 2018 16:35:29 GMT-0500 (Central Daylight Time): GET /css/darkly.css
Thu Jul 19 2018 16:35:36 GMT-0500 (Central Daylight Time): GET /help
Thu Jul 19 2018 16:35:41 GMT-0500 (Central Daylight Time): GET /public
Thu Jul 19 2018 16:35:45 GMT-0500 (Central Daylight Time): GET /public/help
Thu Jul 19 2018 16:35:50 GMT-0500 (Central Daylight Time): GET /
Thu Jul 19 2018 16:35:50 GMT-0500 (Central Daylight Time): GET /css/darkly.css
Thu Jul 19 2018 16:37:06 GMT-0500 (Central Daylight Time): GET /
Thu Jul 19 2018 16:37:06 GMT-0500 (Central Daylight Time): GET /css/darkly.css
Thu Jul 19 2018 16:42:24 GMT-0500 (Central Daylight Time): GET /
Thu Jul 19 2018 16:42:24 GMT-0500 (Central Daylight Time): GET /css/darkly.css
Thu Jul 19 2018 16:42:24 GMT-0500 (Central Daylight Time): GET /Random.webm
Thu Jul 19 2018 16:42:25 GMT-0500 (Central Daylight Time): GET /Random.webm
Thu Jul 19 2018 16:42:28 GMT-0500 (Central Daylight Time): GET /Random.webm
Thu Jul 19 2018 16:42:28 GMT-0500 (Central Daylight Time): GET /Random.webm
Thu Jul 19 2018 16:42:47 GMT-0500 (Central Daylight Time): GET /
Thu Jul 19 2018 16:42:47 GMT-0500 (Central Daylight Time): GET /css/darkly.css
